{"C:\\Users\\aodwor\\Desktop\\bmi-calc\\bmi-calc\\calculate.js": {"path":"C:\\Users\\aodwor\\Desktop\\bmi-calc\\bmi-calc\\calculate.js","statementMap":{"0":{"start":{"line":5,"column":4},"end":{"line":5,"column":15}},"1":{"start":{"line":6,"column":4},"end":{"line":6,"column":15}},"2":{"start":{"line":7,"column":14},"end":{"line":7,"column":25}},"3":{"start":{"line":9,"column":4},"end":{"line":20,"column":5}},"4":{"start":{"line":10,"column":8},"end":{"line":10,"column":22}},"5":{"start":{"line":12,"column":9},"end":{"line":20,"column":5}},"6":{"start":{"line":13,"column":8},"end":{"line":13,"column":27}},"7":{"start":{"line":15,"column":9},"end":{"line":20,"column":5}},"8":{"start":{"line":16,"column":8},"end":{"line":16,"column":23}},"9":{"start":{"line":19,"column":8},"end":{"line":19,"column":28}},"10":{"start":{"line":24,"column":0},"end":{"line":24,"column":28}}},"fnMap":{"0":{"name":"bmi_calc","decl":{"start":{"line":1,"column":9},"end":{"line":1,"column":17}},"loc":{"start":{"line":1,"column":33},"end":{"line":23,"column":1}},"line":1}},"branchMap":{"0":{"loc":{"start":{"line":9,"column":4},"end":{"line":20,"column":5}},"type":"if","locations":[{"start":{"line":9,"column":4},"end":{"line":20,"column":5}},{"start":{"line":12,"column":9},"end":{"line":20,"column":5}}],"line":9},"1":{"loc":{"start":{"line":12,"column":9},"end":{"line":20,"column":5}},"type":"if","locations":[{"start":{"line":12,"column":9},"end":{"line":20,"column":5}},{"start":{"line":15,"column":9},"end":{"line":20,"column":5}}],"line":12},"2":{"loc":{"start":{"line":12,"column":13},"end":{"line":12,"column":33}},"type":"binary-expr","locations":[{"start":{"line":12,"column":13},"end":{"line":12,"column":20}},{"start":{"line":12,"column":24},"end":{"line":12,"column":33}}],"line":12},"3":{"loc":{"start":{"line":15,"column":9},"end":{"line":20,"column":5}},"type":"if","locations":[{"start":{"line":15,"column":9},"end":{"line":20,"column":5}},{"start":{"line":18,"column":9},"end":{"line":20,"column":5}}],"line":15},"4":{"loc":{"start":{"line":15,"column":13},"end":{"line":15,"column":35}},"type":"binary-expr","locations":[{"start":{"line":15,"column":13},"end":{"line":15,"column":21}},{"start":{"line":15,"column":25},"end":{"line":15,"column":35}}],"line":15}},"s":{"0":4,"1":4,"2":4,"3":4,"4":1,"5":3,"6":1,"7":2,"8":1,"9":1,"10":1},"f":{"0":4},"b":{"0":[1,3],"1":[1,2],"2":[3,3],"3":[1,1],"4":[2,2]},"_coverageSchema":"1a1c01bbd47fc00a2c39e90264f33305004495a9","hash":"39c0b0c816c10a303ae8cb5fb712eaa354d74690"}
}
